<?xml version="1.0" encoding="UTF-8"?>
<!-- Generated by org.testng.reporters.JUnitXMLReporter -->
<testsuite hostname="DESKTOP-L1DOOE7" ignored="0" name="Testing the Autocomplete Field" tests="3" failures="0" timestamp="2021-08-10T17:58:27 IST" time="30.171" errors="0">
  <testcase name="SearchTextbox" time="7.046" classname="com.qa.testscript.AutoCompleteItemsItems"/>
  <testcase name="SearchTextbox" time="5.307" classname="com.qa.testscript.AutoCompleteItemsItems"/>
  <testcase name="SearchTextbox" time="3.708" classname="com.qa.testscript.AutoCompleteItemsItems"/>
</testsuite> <!-- Testing the Autocomplete Field -->
